<?xml version="1.0" encoding="UTF-8"?>
<!-- Generated by org.testng.reporters.JUnitReportReporter -->
<testsuite hostname="solar" name="de.yamuza.tools.vdj_db_exporter.MainTest" tests="1" failures="0" timestamp="23 Dec 2013 13:09:37 GMT" time="0.047" errors="0">
  <testcase name="testFormatComment" time="0.047" classname="de.yamuza.tools.vdj_db_exporter.MainTest"/>
</testsuite> <!-- de.yamuza.tools.vdj_db_exporter.MainTest -->
